<?xml version="1.0" encoding="UTF-8"?>
<!-- Generated by org.testng.reporters.JUnitXMLReporter -->
<testsuite hostname="DESKTOP-JDFK74N" ignored="3" name="Default test" tests="4" failures="0" timestamp="08 Oct 2021 12:48:51 GMT" time="15.006" errors="0">
  <testcase name="addingContact" time="12.815" classname="day2.PositiveContactList"/>
  <testcase name="UpdatingContact" time="0.743" classname="day2.PositiveContactList"/>
  <testcase name="getSpecificContact3" time="0.646" classname="day2.PositiveContactList"/>
  <testcase name="deletingSpecificContact3" time="0.665" classname="day2.PositiveContactList"/>
  <testcase name="getSpecificContact" time="0.0" classname="day2.PositiveContactList">
    <ignored/>
  </testcase> <!-- getSpecificContact -->
  <testcase name="getContactListInfo" time="0.0" classname="day2.PositiveContactList">
    <ignored/>
  </testcase> <!-- getContactListInfo -->
  <testcase name="getSpecificContact2" time="0.0" classname="day2.PositiveContactList">
    <ignored/>
  </testcase> <!-- getSpecificContact2 -->
</testsuite> <!-- Default test -->
